2020/04/09-12:42 [restartedMain] INFO  com.projettic.projetticApplication- Starting projetticApplication on DESKTOP-F8KV3B1 with PID 27580 (C:\Users\adaml\IdeaProjects\ticback\target\classes started by adaml in C:\Users\adaml\IdeaProjects\ticback)
2020/04/09-12:42 [restartedMain] INFO  com.projettic.projetticApplication- No active profile set, falling back to default profiles: default
2020/04/09-12:42 [restartedMain] WARN  org.mybatis.spring.mapper.ClassPathMapperScanner- No MyBatis mapper was found in '[com.projettic.dao]' package. Please check your configuration.
2020/04/09-12:42 [restartedMain] INFO  org.springframework.boot.web.embedded.tomcat.TomcatWebServer- Tomcat initialized with port(s): 8080 (http)
2020/04/09-12:42 [restartedMain] INFO  org.apache.catalina.core.StandardService- Starting service [Tomcat]
2020/04/09-12:42 [restartedMain] INFO  org.apache.catalina.core.StandardEngine- Starting Servlet engine: [Apache Tomcat/9.0.31]
2020/04/09-12:42 [restartedMain] INFO  org.apache.jasper.servlet.TldScanner- At least one JAR was scanned for TLDs yet contained no TLDs. Enable debug logging for this logger for a complete list of JARs that were scanned but no TLDs were found in them. Skipping unneeded JARs during scanning can improve startup time and JSP compilation time.
2020/04/09-12:42 [restartedMain] INFO  org.apache.catalina.core.ContainerBase.[Tomcat-2].[localhost].[/]- Initializing Spring embedded WebApplicationContext
2020/04/09-12:42 [restartedMain] INFO  org.springframework.web.context.ContextLoader- Root WebApplicationContext: initialization completed in 510 ms
2020/04/09-12:42 [restartedMain] INFO  org.springframework.scheduling.concurrent.ThreadPoolTaskExecutor- Initializing ExecutorService 'applicationTaskExecutor'
2020/04/09-12:42 [restartedMain] INFO  org.springframework.boot.autoconfigure.security.servlet.UserDetailsServiceAutoConfiguration- 

Using generated security password: d8995b3f-fe57-4055-a30b-a674573aa8a1

2020/04/09-12:42 [restartedMain] INFO  org.springframework.security.web.DefaultSecurityFilterChain- Creating filter chain: any request, [org.springframework.security.web.context.request.async.WebAsyncManagerIntegrationFilter@12615fd1, org.springframework.security.web.context.SecurityContextPersistenceFilter@5431a633, org.springframework.security.web.header.HeaderWriterFilter@79bfc0e1, org.springframework.security.web.csrf.CsrfFilter@47bca883, org.springframework.security.web.authentication.logout.LogoutFilter@67482e14, org.springframework.security.web.authentication.UsernamePasswordAuthenticationFilter@153a23a4, org.springframework.security.web.authentication.ui.DefaultLoginPageGeneratingFilter@18098c9d, org.springframework.security.web.authentication.ui.DefaultLogoutPageGeneratingFilter@44986c14, org.springframework.security.web.authentication.www.BasicAuthenticationFilter@174c0868, org.springframework.security.web.savedrequest.RequestCacheAwareFilter@36f20986, org.springframework.security.web.servletapi.SecurityContextHolderAwareRequestFilter@31cd6f71, org.springframework.security.web.authentication.AnonymousAuthenticationFilter@fb5020, org.springframework.security.web.session.SessionManagementFilter@76ebe0dd, org.springframework.security.web.access.ExceptionTranslationFilter@43c43cb7, org.springframework.security.web.access.intercept.FilterSecurityInterceptor@b1ba697]
2020/04/09-12:42 [restartedMain] INFO  org.springframework.boot.devtools.autoconfigure.OptionalLiveReloadServer- LiveReload server is running on port 35729
2020/04/09-12:42 [restartedMain] INFO  org.springframework.boot.web.embedded.tomcat.TomcatWebServer- Tomcat started on port(s): 8080 (http) with context path ''
2020/04/09-12:42 [restartedMain] INFO  com.projettic.projetticApplication- Started projetticApplication in 0.733 seconds (JVM running for 1475.202)
2020/04/09-12:42 [restartedMain] INFO  org.springframework.boot.devtools.autoconfigure.ConditionEvaluationDeltaLoggingListener- Condition evaluation delta:


==========================
CONDITION EVALUATION DELTA
==========================


Positive matches:
-----------------

   SpringBootWebSecurityConfiguration matched:
      - @ConditionalOnClass found required class 'org.springframework.security.config.annotation.web.configuration.WebSecurityConfigurerAdapter' (OnClassCondition)
      - found 'session' scope (OnWebApplicationCondition)
      - @ConditionalOnMissingBean (types: org.springframework.security.config.annotation.web.configuration.WebSecurityConfigurerAdapter; SearchStrategy: all) did not find any beans (OnBeanCondition)

   UserDetailsServiceAutoConfiguration matched:
      - @ConditionalOnClass found required class 'org.springframework.security.authentication.AuthenticationManager' (OnClassCondition)
      - @ConditionalOnBean (types: org.springframework.security.config.annotation.ObjectPostProcessor; SearchStrategy: all) found bean 'objectPostProcessor'; @ConditionalOnMissingBean (types: org.springframework.security.authentication.AuthenticationManager,org.springframework.security.authentication.AuthenticationProvider,org.springframework.security.core.userdetails.UserDetailsService,org.springframework.security.oauth2.jwt.JwtDecoder,org.springframework.security.oauth2.server.resource.introspection.OpaqueTokenIntrospector; SearchStrategy: all) did not find any beans (OnBeanCondition)

   UserDetailsServiceAutoConfiguration#inMemoryUserDetailsManager matched:
      - @ConditionalOnMissingBean (types: org.springframework.security.oauth2.client.registration.ClientRegistrationRepository; SearchStrategy: all) did not find any beans (OnBeanCondition)

   WebSecurityEnablerConfiguration matched:
      - found 'session' scope (OnWebApplicationCondition)
      - @ConditionalOnBean (types: org.springframework.security.config.annotation.web.configuration.WebSecurityConfigurerAdapter; SearchStrategy: all) found bean 'org.springframework.boot.autoconfigure.security.servlet.SpringBootWebSecurityConfiguration$DefaultConfigurerAdapter'; @ConditionalOnMissingBean (names: springSecurityFilterChain; SearchStrategy: all) did not find any beans (OnBeanCondition)


Negative matches:
-----------------

    None


Exclusions:
-----------

    None


Unconditional classes:
----------------------

    None



2020/04/09-12:42 [Thread-32] INFO  org.springframework.scheduling.concurrent.ThreadPoolTaskExecutor- Shutting down ExecutorService 'applicationTaskExecutor'
2020/04/09-12:42 [restartedMain] INFO  com.projettic.projetticApplication- Starting projetticApplication on DESKTOP-F8KV3B1 with PID 27580 (C:\Users\adaml\IdeaProjects\ticback\target\classes started by adaml in C:\Users\adaml\IdeaProjects\ticback)
2020/04/09-12:42 [restartedMain] INFO  com.projettic.projetticApplication- No active profile set, falling back to default profiles: default
2020/04/09-12:43 [restartedMain] INFO  org.springframework.boot.web.embedded.tomcat.TomcatWebServer- Tomcat initialized with port(s): 8080 (http)
2020/04/09-12:43 [restartedMain] INFO  org.apache.catalina.core.StandardService- Starting service [Tomcat]
2020/04/09-12:43 [restartedMain] INFO  org.apache.catalina.core.StandardEngine- Starting Servlet engine: [Apache Tomcat/9.0.31]
2020/04/09-12:43 [restartedMain] INFO  org.apache.jasper.servlet.TldScanner- At least one JAR was scanned for TLDs yet contained no TLDs. Enable debug logging for this logger for a complete list of JARs that were scanned but no TLDs were found in them. Skipping unneeded JARs during scanning can improve startup time and JSP compilation time.
2020/04/09-12:43 [restartedMain] INFO  org.apache.catalina.core.ContainerBase.[Tomcat-2].[localhost].[/]- Initializing Spring embedded WebApplicationContext
2020/04/09-12:43 [restartedMain] INFO  org.springframework.web.context.ContextLoader- Root WebApplicationContext: initialization completed in 519 ms
2020/04/09-12:43 [restartedMain] INFO  org.springframework.security.web.DefaultSecurityFilterChain- Creating filter chain: any request, [org.springframework.security.web.context.request.async.WebAsyncManagerIntegrationFilter@31b68bc8, org.springframework.security.web.context.SecurityContextPersistenceFilter@1b39dfee, org.springframework.security.web.header.HeaderWriterFilter@145a0bcc, org.springframework.security.web.authentication.logout.LogoutFilter@229ab86a, com.projettic.security.CustomAuthenticationFilter@5d9a85a0, org.springframework.security.web.authentication.UsernamePasswordAuthenticationFilter@2892c8b8, org.springframework.security.web.savedrequest.RequestCacheAwareFilter@25dfa711, org.springframework.security.web.servletapi.SecurityContextHolderAwareRequestFilter@611fdc0d, org.springframework.security.web.authentication.AnonymousAuthenticationFilter@1acef149, org.springframework.security.web.session.SessionManagementFilter@6cbf57eb, org.springframework.security.web.access.ExceptionTranslationFilter@3181eb2b, org.springframework.security.web.access.intercept.FilterSecurityInterceptor@5a11ad39]
2020/04/09-12:43 [restartedMain] INFO  org.springframework.scheduling.concurrent.ThreadPoolTaskExecutor- Initializing ExecutorService 'applicationTaskExecutor'
2020/04/09-12:43 [restartedMain] INFO  org.springframework.boot.devtools.autoconfigure.OptionalLiveReloadServer- LiveReload server is running on port 35729
2020/04/09-12:43 [restartedMain] INFO  org.springframework.boot.web.embedded.tomcat.TomcatWebServer- Tomcat started on port(s): 8080 (http) with context path ''
2020/04/09-12:43 [restartedMain] INFO  com.projettic.projetticApplication- Started projetticApplication in 0.889 seconds (JVM running for 1480.04)
2020/04/09-12:43 [restartedMain] INFO  org.springframework.boot.devtools.autoconfigure.ConditionEvaluationDeltaLoggingListener- Condition evaluation delta:


==========================
CONDITION EVALUATION DELTA
==========================


Positive matches:
-----------------

    None


Negative matches:
-----------------

   SpringBootWebSecurityConfiguration:
      Did not match:
         - @ConditionalOnMissingBean (types: org.springframework.security.config.annotation.web.configuration.WebSecurityConfigurerAdapter; SearchStrategy: all) found beans of type 'org.springframework.security.config.annotation.web.configuration.WebSecurityConfigurerAdapter' webSecurityConfig (OnBeanCondition)
      Matched:
         - @ConditionalOnClass found required class 'org.springframework.security.config.annotation.web.configuration.WebSecurityConfigurerAdapter' (OnClassCondition)
         - found 'session' scope (OnWebApplicationCondition)

   UserDetailsServiceAutoConfiguration:
      Did not match:
         - @ConditionalOnMissingBean (types: org.springframework.security.authentication.AuthenticationManager,org.springframework.security.authentication.AuthenticationProvider,org.springframework.security.core.userdetails.UserDetailsService,org.springframework.security.oauth2.jwt.JwtDecoder,org.springframework.security.oauth2.server.resource.introspection.OpaqueTokenIntrospector; SearchStrategy: all) found beans of type 'org.springframework.security.core.userdetails.UserDetailsService' springDataUserDetailService (OnBeanCondition)
      Matched:
         - @ConditionalOnClass found required class 'org.springframework.security.authentication.AuthenticationManager' (OnClassCondition)

   WebSecurityEnablerConfiguration:
      Did not match:
         - @ConditionalOnMissingBean (names: springSecurityFilterChain; SearchStrategy: all) found beans named springSecurityFilterChain (OnBeanCondition)
      Matched:
         - found 'session' scope (OnWebApplicationCondition)


Exclusions:
-----------

    None


Unconditional classes:
----------------------

    None



2020/04/09-12:49 [restartedMain] INFO  com.projettic.projetticApplication- Starting projetticApplication on DESKTOP-F8KV3B1 with PID 26872 (C:\Users\adaml\IdeaProjects\ticback\target\classes started by adaml in C:\Users\adaml\IdeaProjects\ticback)
2020/04/09-12:49 [restartedMain] INFO  com.projettic.projetticApplication- No active profile set, falling back to default profiles: default
2020/04/09-12:49 [restartedMain] INFO  org.springframework.boot.devtools.env.DevToolsPropertyDefaultsPostProcessor- Devtools property defaults active! Set 'spring.devtools.add-properties' to 'false' to disable
2020/04/09-12:49 [restartedMain] INFO  org.springframework.boot.devtools.env.DevToolsPropertyDefaultsPostProcessor- For additional web related logging consider setting the 'logging.level.web' property to 'DEBUG'
2020/04/09-12:49 [restartedMain] INFO  org.springframework.boot.web.embedded.tomcat.TomcatWebServer- Tomcat initialized with port(s): 8080 (http)
2020/04/09-12:49 [restartedMain] INFO  org.apache.catalina.core.StandardService- Starting service [Tomcat]
2020/04/09-12:49 [restartedMain] INFO  org.apache.catalina.core.StandardEngine- Starting Servlet engine: [Apache Tomcat/9.0.31]
2020/04/09-12:49 [restartedMain] INFO  org.apache.jasper.servlet.TldScanner- At least one JAR was scanned for TLDs yet contained no TLDs. Enable debug logging for this logger for a complete list of JARs that were scanned but no TLDs were found in them. Skipping unneeded JARs during scanning can improve startup time and JSP compilation time.
2020/04/09-12:49 [restartedMain] INFO  org.apache.catalina.core.ContainerBase.[Tomcat].[localhost].[/]- Initializing Spring embedded WebApplicationContext
2020/04/09-12:49 [restartedMain] INFO  org.springframework.web.context.ContextLoader- Root WebApplicationContext: initialization completed in 1693 ms
2020/04/09-12:49 [restartedMain] INFO  org.springframework.security.web.DefaultSecurityFilterChain- Creating filter chain: any request, [org.springframework.security.web.context.request.async.WebAsyncManagerIntegrationFilter@69e05e36, org.springframework.security.web.context.SecurityContextPersistenceFilter@348e6180, org.springframework.security.web.header.HeaderWriterFilter@e60a537, org.springframework.security.web.authentication.logout.LogoutFilter@572bcd51, com.projettic.security.CustomAuthenticationFilter@765c51f8, org.springframework.security.web.authentication.UsernamePasswordAuthenticationFilter@44cc373a, org.springframework.security.web.savedrequest.RequestCacheAwareFilter@5ad094b5, org.springframework.security.web.servletapi.SecurityContextHolderAwareRequestFilter@7e666339, org.springframework.security.web.authentication.AnonymousAuthenticationFilter@398e70f5, org.springframework.security.web.session.SessionManagementFilter@7a4c584c, org.springframework.security.web.access.ExceptionTranslationFilter@68c9282b, org.springframework.security.web.access.intercept.FilterSecurityInterceptor@4d85468e]
2020/04/09-12:49 [restartedMain] INFO  org.springframework.scheduling.concurrent.ThreadPoolTaskExecutor- Initializing ExecutorService 'applicationTaskExecutor'
2020/04/09-12:49 [restartedMain] INFO  org.springframework.boot.devtools.autoconfigure.OptionalLiveReloadServer- LiveReload server is running on port 35729
2020/04/09-12:49 [restartedMain] INFO  org.springframework.boot.web.embedded.tomcat.TomcatWebServer- Tomcat started on port(s): 8080 (http) with context path ''
2020/04/09-12:49 [restartedMain] INFO  com.projettic.projetticApplication- Started projetticApplication in 3.149 seconds (JVM running for 4.436)
2020/04/09-12:57 [restartedMain] INFO  com.projettic.projetticApplication- Starting projetticApplication on DESKTOP-F8KV3B1 with PID 30896 (C:\Users\adaml\IdeaProjects\ticback\target\classes started by adaml in C:\Users\adaml\IdeaProjects\ticback)
2020/04/09-12:57 [restartedMain] INFO  com.projettic.projetticApplication- No active profile set, falling back to default profiles: default
2020/04/09-12:57 [restartedMain] INFO  org.springframework.boot.devtools.env.DevToolsPropertyDefaultsPostProcessor- Devtools property defaults active! Set 'spring.devtools.add-properties' to 'false' to disable
2020/04/09-12:57 [restartedMain] INFO  org.springframework.boot.devtools.env.DevToolsPropertyDefaultsPostProcessor- For additional web related logging consider setting the 'logging.level.web' property to 'DEBUG'
2020/04/09-12:57 [restartedMain] INFO  org.springframework.boot.web.embedded.tomcat.TomcatWebServer- Tomcat initialized with port(s): 8080 (http)
2020/04/09-12:57 [restartedMain] INFO  org.apache.catalina.core.StandardService- Starting service [Tomcat]
2020/04/09-12:57 [restartedMain] INFO  org.apache.catalina.core.StandardEngine- Starting Servlet engine: [Apache Tomcat/9.0.31]
2020/04/09-12:57 [restartedMain] INFO  org.apache.jasper.servlet.TldScanner- At least one JAR was scanned for TLDs yet contained no TLDs. Enable debug logging for this logger for a complete list of JARs that were scanned but no TLDs were found in them. Skipping unneeded JARs during scanning can improve startup time and JSP compilation time.
2020/04/09-12:57 [restartedMain] INFO  org.apache.catalina.core.ContainerBase.[Tomcat].[localhost].[/]- Initializing Spring embedded WebApplicationContext
2020/04/09-12:57 [restartedMain] INFO  org.springframework.web.context.ContextLoader- Root WebApplicationContext: initialization completed in 1745 ms
2020/04/09-12:57 [restartedMain] INFO  org.springframework.security.web.DefaultSecurityFilterChain- Creating filter chain: any request, [org.springframework.security.web.context.request.async.WebAsyncManagerIntegrationFilter@47ebb781, org.springframework.security.web.context.SecurityContextPersistenceFilter@2fcb18a3, org.springframework.security.web.header.HeaderWriterFilter@23a78de, org.springframework.security.web.authentication.logout.LogoutFilter@2dcda0e2, com.projettic.security.CustomAuthenticationFilter@5e6faa9c, org.springframework.security.web.authentication.UsernamePasswordAuthenticationFilter@2ac477a2, org.springframework.security.web.savedrequest.RequestCacheAwareFilter@78aba9c3, org.springframework.security.web.servletapi.SecurityContextHolderAwareRequestFilter@3d3cf227, org.springframework.security.web.authentication.AnonymousAuthenticationFilter@406c83ab, org.springframework.security.web.session.SessionManagementFilter@5c86b8, org.springframework.security.web.access.ExceptionTranslationFilter@669ca42, org.springframework.security.web.access.intercept.FilterSecurityInterceptor@398e70f5]
2020/04/09-12:58 [restartedMain] INFO  org.springframework.scheduling.concurrent.ThreadPoolTaskExecutor- Initializing ExecutorService 'applicationTaskExecutor'
2020/04/09-12:58 [restartedMain] INFO  org.springframework.boot.devtools.autoconfigure.OptionalLiveReloadServer- LiveReload server is running on port 35729
2020/04/09-12:58 [restartedMain] INFO  org.springframework.boot.web.embedded.tomcat.TomcatWebServer- Tomcat started on port(s): 8080 (http) with context path ''
2020/04/09-12:58 [restartedMain] INFO  com.projettic.projetticApplication- Started projetticApplication in 3.237 seconds (JVM running for 4.484)
2020/04/09-12:59 [restartedMain] INFO  com.projettic.projetticApplication- Starting projetticApplication on DESKTOP-F8KV3B1 with PID 24352 (C:\Users\adaml\IdeaProjects\ticback\target\classes started by adaml in C:\Users\adaml\IdeaProjects\ticback)
2020/04/09-12:59 [restartedMain] INFO  com.projettic.projetticApplication- No active profile set, falling back to default profiles: default
2020/04/09-12:59 [restartedMain] INFO  org.springframework.boot.devtools.env.DevToolsPropertyDefaultsPostProcessor- Devtools property defaults active! Set 'spring.devtools.add-properties' to 'false' to disable
2020/04/09-12:59 [restartedMain] INFO  org.springframework.boot.devtools.env.DevToolsPropertyDefaultsPostProcessor- For additional web related logging consider setting the 'logging.level.web' property to 'DEBUG'
2020/04/09-12:59 [restartedMain] INFO  org.springframework.boot.web.embedded.tomcat.TomcatWebServer- Tomcat initialized with port(s): 8080 (http)
2020/04/09-12:59 [restartedMain] INFO  org.apache.catalina.core.StandardService- Starting service [Tomcat]
2020/04/09-12:59 [restartedMain] INFO  org.apache.catalina.core.StandardEngine- Starting Servlet engine: [Apache Tomcat/9.0.31]
2020/04/09-12:59 [restartedMain] INFO  org.apache.jasper.servlet.TldScanner- At least one JAR was scanned for TLDs yet contained no TLDs. Enable debug logging for this logger for a complete list of JARs that were scanned but no TLDs were found in them. Skipping unneeded JARs during scanning can improve startup time and JSP compilation time.
2020/04/09-12:59 [restartedMain] INFO  org.apache.catalina.core.ContainerBase.[Tomcat].[localhost].[/]- Initializing Spring embedded WebApplicationContext
2020/04/09-12:59 [restartedMain] INFO  org.springframework.web.context.ContextLoader- Root WebApplicationContext: initialization completed in 1707 ms
2020/04/09-12:59 [restartedMain] INFO  org.springframework.security.web.DefaultSecurityFilterChain- Creating filter chain: any request, [org.springframework.security.web.context.request.async.WebAsyncManagerIntegrationFilter@1ef900c1, org.springframework.security.web.context.SecurityContextPersistenceFilter@34308a80, org.springframework.security.web.header.HeaderWriterFilter@19e8c27d, org.springframework.security.web.authentication.logout.LogoutFilter@7ab29043, com.projettic.security.CustomAuthenticationFilter@59499c2e, org.springframework.security.web.authentication.UsernamePasswordAuthenticationFilter@5454729f, org.springframework.security.web.savedrequest.RequestCacheAwareFilter@4695e01f, org.springframework.security.web.servletapi.SecurityContextHolderAwareRequestFilter@545227e0, org.springframework.security.web.authentication.AnonymousAuthenticationFilter@5fe08f28, org.springframework.security.web.session.SessionManagementFilter@6af67f2a, org.springframework.security.web.access.ExceptionTranslationFilter@22bb6277, org.springframework.security.web.access.intercept.FilterSecurityInterceptor@493cd96d]
2020/04/09-12:59 [restartedMain] INFO  org.springframework.scheduling.concurrent.ThreadPoolTaskExecutor- Initializing ExecutorService 'applicationTaskExecutor'
2020/04/09-12:59 [restartedMain] INFO  org.springframework.boot.devtools.autoconfigure.OptionalLiveReloadServer- LiveReload server is running on port 35729
2020/04/09-12:59 [restartedMain] INFO  org.springframework.boot.web.embedded.tomcat.TomcatWebServer- Tomcat started on port(s): 8080 (http) with context path ''
2020/04/09-12:59 [restartedMain] INFO  com.projettic.projetticApplication- Started projetticApplication in 3.155 seconds (JVM running for 4.389)
2020/04/09-13:01 [restartedMain] INFO  com.projettic.projetticApplication- Starting projetticApplication on DESKTOP-F8KV3B1 with PID 25860 (C:\Users\adaml\IdeaProjects\ticback\target\classes started by adaml in C:\Users\adaml\IdeaProjects\ticback)
2020/04/09-13:01 [restartedMain] INFO  com.projettic.projetticApplication- No active profile set, falling back to default profiles: default
2020/04/09-13:01 [restartedMain] INFO  org.springframework.boot.devtools.env.DevToolsPropertyDefaultsPostProcessor- Devtools property defaults active! Set 'spring.devtools.add-properties' to 'false' to disable
2020/04/09-13:01 [restartedMain] INFO  org.springframework.boot.devtools.env.DevToolsPropertyDefaultsPostProcessor- For additional web related logging consider setting the 'logging.level.web' property to 'DEBUG'
2020/04/09-13:01 [restartedMain] INFO  org.springframework.boot.web.embedded.tomcat.TomcatWebServer- Tomcat initialized with port(s): 8080 (http)
2020/04/09-13:01 [restartedMain] INFO  org.apache.catalina.core.StandardService- Starting service [Tomcat]
2020/04/09-13:01 [restartedMain] INFO  org.apache.catalina.core.StandardEngine- Starting Servlet engine: [Apache Tomcat/9.0.31]
2020/04/09-13:01 [restartedMain] INFO  org.apache.jasper.servlet.TldScanner- At least one JAR was scanned for TLDs yet contained no TLDs. Enable debug logging for this logger for a complete list of JARs that were scanned but no TLDs were found in them. Skipping unneeded JARs during scanning can improve startup time and JSP compilation time.
2020/04/09-13:01 [restartedMain] INFO  org.apache.catalina.core.ContainerBase.[Tomcat].[localhost].[/]- Initializing Spring embedded WebApplicationContext
2020/04/09-13:01 [restartedMain] INFO  org.springframework.web.context.ContextLoader- Root WebApplicationContext: initialization completed in 1695 ms
2020/04/09-13:01 [restartedMain] INFO  org.springframework.security.web.DefaultSecurityFilterChain- Creating filter chain: any request, [org.springframework.security.web.context.request.async.WebAsyncManagerIntegrationFilter@3176d748, org.springframework.security.web.context.SecurityContextPersistenceFilter@49fc9104, org.springframework.security.web.header.HeaderWriterFilter@7050d3a4, org.springframework.security.web.authentication.logout.LogoutFilter@6b4f2a38, com.projettic.security.CustomAuthenticationFilter@d5be5c3, org.springframework.security.web.authentication.UsernamePasswordAuthenticationFilter@1a55b90d, org.springframework.security.web.savedrequest.RequestCacheAwareFilter@378368b2, org.springframework.security.web.servletapi.SecurityContextHolderAwareRequestFilter@547c08cd, org.springframework.security.web.authentication.AnonymousAuthenticationFilter@442ee4e8, org.springframework.security.web.session.SessionManagementFilter@58825be2, org.springframework.security.web.access.ExceptionTranslationFilter@48851ad1, org.springframework.security.web.access.intercept.FilterSecurityInterceptor@45712594]
2020/04/09-13:01 [restartedMain] INFO  org.springframework.scheduling.concurrent.ThreadPoolTaskExecutor- Initializing ExecutorService 'applicationTaskExecutor'
2020/04/09-13:01 [restartedMain] INFO  org.springframework.boot.devtools.autoconfigure.OptionalLiveReloadServer- LiveReload server is running on port 35729
2020/04/09-13:01 [restartedMain] INFO  org.springframework.boot.web.embedded.tomcat.TomcatWebServer- Tomcat started on port(s): 8080 (http) with context path ''
2020/04/09-13:01 [restartedMain] INFO  com.projettic.projetticApplication- Started projetticApplication in 3.218 seconds (JVM running for 4.613)
2020/04/09-13:01 [http-nio-8080-exec-1] INFO  org.apache.catalina.core.ContainerBase.[Tomcat].[localhost].[/]- Initializing Spring DispatcherServlet 'dispatcherServlet'
2020/04/09-13:01 [http-nio-8080-exec-1] INFO  org.springframework.web.servlet.DispatcherServlet- Initializing Servlet 'dispatcherServlet'
2020/04/09-13:01 [http-nio-8080-exec-1] INFO  org.springframework.web.servlet.DispatcherServlet- Completed initialization in 6 ms
2020/04/09-13:01 [http-nio-8080-exec-2] INFO  com.zaxxer.hikari.HikariDataSource- HikariPool-1 - Starting...
2020/04/09-13:01 [http-nio-8080-exec-2] INFO  com.zaxxer.hikari.HikariDataSource- HikariPool-1 - Start completed.
2020/04/09-18:08 [restartedMain] INFO  com.projettic.projetticApplication- Starting projetticApplication on DESKTOP-F8KV3B1 with PID 30740 (C:\Users\adaml\IdeaProjects\ticback\target\classes started by adaml in C:\Users\adaml\IdeaProjects\ticback)
2020/04/09-18:08 [restartedMain] INFO  com.projettic.projetticApplication- No active profile set, falling back to default profiles: default
2020/04/09-18:08 [restartedMain] INFO  org.springframework.boot.devtools.env.DevToolsPropertyDefaultsPostProcessor- Devtools property defaults active! Set 'spring.devtools.add-properties' to 'false' to disable
2020/04/09-18:08 [restartedMain] INFO  org.springframework.boot.devtools.env.DevToolsPropertyDefaultsPostProcessor- For additional web related logging consider setting the 'logging.level.web' property to 'DEBUG'
2020/04/09-18:08 [restartedMain] INFO  org.springframework.boot.web.embedded.tomcat.TomcatWebServer- Tomcat initialized with port(s): 8080 (http)
2020/04/09-18:08 [restartedMain] INFO  org.apache.catalina.core.StandardService- Starting service [Tomcat]
2020/04/09-18:08 [restartedMain] INFO  org.apache.catalina.core.StandardEngine- Starting Servlet engine: [Apache Tomcat/9.0.31]
2020/04/09-18:08 [restartedMain] INFO  org.apache.jasper.servlet.TldScanner- At least one JAR was scanned for TLDs yet contained no TLDs. Enable debug logging for this logger for a complete list of JARs that were scanned but no TLDs were found in them. Skipping unneeded JARs during scanning can improve startup time and JSP compilation time.
2020/04/09-18:08 [restartedMain] INFO  org.apache.catalina.core.ContainerBase.[Tomcat].[localhost].[/]- Initializing Spring embedded WebApplicationContext
2020/04/09-18:08 [restartedMain] INFO  org.springframework.web.context.ContextLoader- Root WebApplicationContext: initialization completed in 1762 ms
2020/04/09-18:08 [restartedMain] INFO  org.springframework.security.web.DefaultSecurityFilterChain- Creating filter chain: any request, [org.springframework.security.web.context.request.async.WebAsyncManagerIntegrationFilter@1269d39f, org.springframework.security.web.context.SecurityContextPersistenceFilter@67d8540b, org.springframework.security.web.header.HeaderWriterFilter@26ea8fe8, org.springframework.security.web.authentication.logout.LogoutFilter@6afc1b9a, com.projettic.security.CustomAuthenticationFilter@9eaac34, org.springframework.security.web.authentication.UsernamePasswordAuthenticationFilter@4dae5e90, org.springframework.security.web.savedrequest.RequestCacheAwareFilter@9693bb0, org.springframework.security.web.servletapi.SecurityContextHolderAwareRequestFilter@4a84da1a, org.springframework.security.web.authentication.AnonymousAuthenticationFilter@3b1b200c, org.springframework.security.web.session.SessionManagementFilter@6e31273d, org.springframework.security.web.access.ExceptionTranslationFilter@211bced3, org.springframework.security.web.access.intercept.FilterSecurityInterceptor@20b91504]
2020/04/09-18:08 [restartedMain] INFO  org.springframework.scheduling.concurrent.ThreadPoolTaskExecutor- Initializing ExecutorService 'applicationTaskExecutor'
2020/04/09-18:08 [restartedMain] INFO  org.springframework.boot.devtools.autoconfigure.OptionalLiveReloadServer- LiveReload server is running on port 35729
2020/04/09-18:08 [restartedMain] INFO  org.springframework.boot.web.embedded.tomcat.TomcatWebServer- Tomcat started on port(s): 8080 (http) with context path ''
2020/04/09-18:08 [restartedMain] INFO  com.projettic.projetticApplication- Started projetticApplication in 3.34 seconds (JVM running for 4.795)
2020/04/09-18:09 [http-nio-8080-exec-1] INFO  org.apache.catalina.core.ContainerBase.[Tomcat].[localhost].[/]- Initializing Spring DispatcherServlet 'dispatcherServlet'
2020/04/09-18:09 [http-nio-8080-exec-1] INFO  org.springframework.web.servlet.DispatcherServlet- Initializing Servlet 'dispatcherServlet'
2020/04/09-18:09 [http-nio-8080-exec-1] INFO  org.springframework.web.servlet.DispatcherServlet- Completed initialization in 7 ms
2020/04/09-18:09 [http-nio-8080-exec-1] INFO  com.zaxxer.hikari.HikariDataSource- HikariPool-1 - Starting...
2020/04/09-18:09 [http-nio-8080-exec-1] INFO  com.zaxxer.hikari.HikariDataSource- HikariPool-1 - Start completed.
2020/04/09-18:12 [restartedMain] INFO  com.projettic.projetticApplication- Starting projetticApplication on DESKTOP-F8KV3B1 with PID 27504 (C:\Users\adaml\IdeaProjects\ticback\target\classes started by adaml in C:\Users\adaml\IdeaProjects\ticback)
2020/04/09-18:12 [restartedMain] INFO  com.projettic.projetticApplication- No active profile set, falling back to default profiles: default
2020/04/09-18:12 [restartedMain] INFO  org.springframework.boot.devtools.env.DevToolsPropertyDefaultsPostProcessor- Devtools property defaults active! Set 'spring.devtools.add-properties' to 'false' to disable
2020/04/09-18:12 [restartedMain] INFO  org.springframework.boot.devtools.env.DevToolsPropertyDefaultsPostProcessor- For additional web related logging consider setting the 'logging.level.web' property to 'DEBUG'
2020/04/09-18:12 [restartedMain] INFO  org.springframework.boot.web.embedded.tomcat.TomcatWebServer- Tomcat initialized with port(s): 8080 (http)
2020/04/09-18:12 [restartedMain] INFO  org.apache.catalina.core.StandardService- Starting service [Tomcat]
2020/04/09-18:12 [restartedMain] INFO  org.apache.catalina.core.StandardEngine- Starting Servlet engine: [Apache Tomcat/9.0.31]
2020/04/09-18:12 [restartedMain] INFO  org.apache.jasper.servlet.TldScanner- At least one JAR was scanned for TLDs yet contained no TLDs. Enable debug logging for this logger for a complete list of JARs that were scanned but no TLDs were found in them. Skipping unneeded JARs during scanning can improve startup time and JSP compilation time.
2020/04/09-18:12 [restartedMain] INFO  org.apache.catalina.core.ContainerBase.[Tomcat].[localhost].[/]- Initializing Spring embedded WebApplicationContext
2020/04/09-18:12 [restartedMain] INFO  org.springframework.web.context.ContextLoader- Root WebApplicationContext: initialization completed in 1702 ms
2020/04/09-18:12 [restartedMain] INFO  org.springframework.security.web.DefaultSecurityFilterChain- Creating filter chain: any request, [org.springframework.security.web.context.request.async.WebAsyncManagerIntegrationFilter@7d1e943a, org.springframework.security.web.context.SecurityContextPersistenceFilter@3f16fd11, org.springframework.security.web.header.HeaderWriterFilter@2e9731c8, org.springframework.security.web.authentication.logout.LogoutFilter@7be669f0, com.projettic.security.CustomAuthenticationFilter@377ceef9, org.springframework.security.web.authentication.UsernamePasswordAuthenticationFilter@7ee34afc, org.springframework.security.web.savedrequest.RequestCacheAwareFilter@59f9da11, org.springframework.security.web.servletapi.SecurityContextHolderAwareRequestFilter@68dcb661, org.springframework.security.web.authentication.AnonymousAuthenticationFilter@6cb1176c, org.springframework.security.web.session.SessionManagementFilter@7e7c50f9, org.springframework.security.web.access.ExceptionTranslationFilter@3ef9b10e, org.springframework.security.web.access.intercept.FilterSecurityInterceptor@43b1823d]
2020/04/09-18:12 [restartedMain] INFO  org.springframework.scheduling.concurrent.ThreadPoolTaskExecutor- Initializing ExecutorService 'applicationTaskExecutor'
2020/04/09-18:12 [restartedMain] INFO  org.springframework.boot.devtools.autoconfigure.OptionalLiveReloadServer- LiveReload server is running on port 35729
2020/04/09-18:12 [restartedMain] INFO  org.springframework.boot.web.embedded.tomcat.TomcatWebServer- Tomcat started on port(s): 8080 (http) with context path ''
2020/04/09-18:12 [restartedMain] INFO  com.projettic.projetticApplication- Started projetticApplication in 3.186 seconds (JVM running for 4.669)
2020/04/09-18:12 [http-nio-8080-exec-2] INFO  org.apache.catalina.core.ContainerBase.[Tomcat].[localhost].[/]- Initializing Spring DispatcherServlet 'dispatcherServlet'
2020/04/09-18:12 [http-nio-8080-exec-2] INFO  org.springframework.web.servlet.DispatcherServlet- Initializing Servlet 'dispatcherServlet'
2020/04/09-18:12 [http-nio-8080-exec-2] INFO  org.springframework.web.servlet.DispatcherServlet- Completed initialization in 7 ms
2020/04/09-18:13 [http-nio-8080-exec-5] INFO  com.zaxxer.hikari.HikariDataSource- HikariPool-1 - Starting...
2020/04/09-18:13 [http-nio-8080-exec-5] INFO  com.zaxxer.hikari.HikariDataSource- HikariPool-1 - Start completed.
2020/04/09-18:21 [Thread-12] INFO  org.springframework.scheduling.concurrent.ThreadPoolTaskExecutor- Shutting down ExecutorService 'applicationTaskExecutor'
2020/04/09-18:21 [Thread-12] INFO  com.zaxxer.hikari.HikariDataSource- HikariPool-1 - Shutdown initiated...
2020/04/09-18:21 [Thread-12] INFO  com.zaxxer.hikari.HikariDataSource- HikariPool-1 - Shutdown completed.
2020/04/09-18:21 [restartedMain] INFO  com.projettic.projetticApplication- Starting projetticApplication on DESKTOP-F8KV3B1 with PID 27504 (C:\Users\adaml\IdeaProjects\ticback\target\classes started by adaml in C:\Users\adaml\IdeaProjects\ticback)
2020/04/09-18:21 [restartedMain] INFO  com.projettic.projetticApplication- No active profile set, falling back to default profiles: default
2020/04/09-18:21 [restartedMain] WARN  org.mybatis.spring.mapper.ClassPathMapperScanner- No MyBatis mapper was found in '[com.projettic.dao]' package. Please check your configuration.
2020/04/09-18:21 [restartedMain] INFO  org.springframework.boot.web.embedded.tomcat.TomcatWebServer- Tomcat initialized with port(s): 8080 (http)
2020/04/09-18:21 [restartedMain] INFO  org.apache.catalina.core.StandardService- Starting service [Tomcat]
2020/04/09-18:21 [restartedMain] INFO  org.apache.catalina.core.StandardEngine- Starting Servlet engine: [Apache Tomcat/9.0.31]
2020/04/09-18:21 [restartedMain] INFO  org.apache.jasper.servlet.TldScanner- At least one JAR was scanned for TLDs yet contained no TLDs. Enable debug logging for this logger for a complete list of JARs that were scanned but no TLDs were found in them. Skipping unneeded JARs during scanning can improve startup time and JSP compilation time.
2020/04/09-18:21 [restartedMain] INFO  org.apache.catalina.core.ContainerBase.[Tomcat-1].[localhost].[/]- Initializing Spring embedded WebApplicationContext
2020/04/09-18:21 [restartedMain] INFO  org.springframework.web.context.ContextLoader- Root WebApplicationContext: initialization completed in 700 ms
2020/04/09-18:21 [restartedMain] INFO  org.springframework.scheduling.concurrent.ThreadPoolTaskExecutor- Initializing ExecutorService 'applicationTaskExecutor'
2020/04/09-18:21 [restartedMain] INFO  org.springframework.boot.autoconfigure.security.servlet.UserDetailsServiceAutoConfiguration- 

Using generated security password: 00cc3826-fadc-40d6-b6c1-4ed0253fcb4f

2020/04/09-18:21 [restartedMain] INFO  org.springframework.security.web.DefaultSecurityFilterChain- Creating filter chain: any request, [org.springframework.security.web.context.request.async.WebAsyncManagerIntegrationFilter@69de71c7, org.springframework.security.web.context.SecurityContextPersistenceFilter@3a8a1d60, org.springframework.security.web.header.HeaderWriterFilter@2fe42344, org.springframework.security.web.csrf.CsrfFilter@62b45f70, org.springframework.security.web.authentication.logout.LogoutFilter@68a68218, org.springframework.security.web.authentication.UsernamePasswordAuthenticationFilter@1dded3c6, org.springframework.security.web.authentication.ui.DefaultLoginPageGeneratingFilter@11317121, org.springframework.security.web.authentication.ui.DefaultLogoutPageGeneratingFilter@6c658588, org.springframework.security.web.authentication.www.BasicAuthenticationFilter@2d68435e, org.springframework.security.web.savedrequest.RequestCacheAwareFilter@2d28d8a1, org.springframework.security.web.servletapi.SecurityContextHolderAwareRequestFilter@23582043, org.springframework.security.web.authentication.AnonymousAuthenticationFilter@37849e9, org.springframework.security.web.session.SessionManagementFilter@6f6ba617, org.springframework.security.web.access.ExceptionTranslationFilter@65ce5f77, org.springframework.security.web.access.intercept.FilterSecurityInterceptor@3e3c5c71]
2020/04/09-18:21 [restartedMain] INFO  org.springframework.boot.devtools.autoconfigure.OptionalLiveReloadServer- LiveReload server is running on port 35729
2020/04/09-18:21 [restartedMain] INFO  org.springframework.boot.web.embedded.tomcat.TomcatWebServer- Tomcat started on port(s): 8080 (http) with context path ''
2020/04/09-18:21 [restartedMain] INFO  com.projettic.projetticApplication- Started projetticApplication in 1.028 seconds (JVM running for 556.826)
2020/04/09-18:21 [restartedMain] INFO  org.springframework.boot.devtools.autoconfigure.ConditionEvaluationDeltaLoggingListener- Condition evaluation delta:


==========================
CONDITION EVALUATION DELTA
==========================


Positive matches:
-----------------

   SpringBootWebSecurityConfiguration matched:
      - @ConditionalOnClass found required class 'org.springframework.security.config.annotation.web.configuration.WebSecurityConfigurerAdapter' (OnClassCondition)
      - found 'session' scope (OnWebApplicationCondition)
      - @ConditionalOnMissingBean (types: org.springframework.security.config.annotation.web.configuration.WebSecurityConfigurerAdapter; SearchStrategy: all) did not find any beans (OnBeanCondition)

   UserDetailsServiceAutoConfiguration matched:
      - @ConditionalOnClass found required class 'org.springframework.security.authentication.AuthenticationManager' (OnClassCondition)
      - @ConditionalOnBean (types: org.springframework.security.config.annotation.ObjectPostProcessor; SearchStrategy: all) found bean 'objectPostProcessor'; @ConditionalOnMissingBean (types: org.springframework.security.authentication.AuthenticationManager,org.springframework.security.authentication.AuthenticationProvider,org.springframework.security.core.userdetails.UserDetailsService,org.springframework.security.oauth2.jwt.JwtDecoder,org.springframework.security.oauth2.server.resource.introspection.OpaqueTokenIntrospector; SearchStrategy: all) did not find any beans (OnBeanCondition)

   UserDetailsServiceAutoConfiguration#inMemoryUserDetailsManager matched:
      - @ConditionalOnMissingBean (types: org.springframework.security.oauth2.client.registration.ClientRegistrationRepository; SearchStrategy: all) did not find any beans (OnBeanCondition)

   WebSecurityEnablerConfiguration matched:
      - found 'session' scope (OnWebApplicationCondition)
      - @ConditionalOnBean (types: org.springframework.security.config.annotation.web.configuration.WebSecurityConfigurerAdapter; SearchStrategy: all) found bean 'org.springframework.boot.autoconfigure.security.servlet.SpringBootWebSecurityConfiguration$DefaultConfigurerAdapter'; @ConditionalOnMissingBean (names: springSecurityFilterChain; SearchStrategy: all) did not find any beans (OnBeanCondition)


Negative matches:
-----------------

    None


Exclusions:
-----------

    None


Unconditional classes:
----------------------

    None



2020/04/09-18:21 [Thread-19] INFO  org.springframework.scheduling.concurrent.ThreadPoolTaskExecutor- Shutting down ExecutorService 'applicationTaskExecutor'
2020/04/09-18:21 [restartedMain] INFO  com.projettic.projetticApplication- Starting projetticApplication on DESKTOP-F8KV3B1 with PID 27504 (C:\Users\adaml\IdeaProjects\ticback\target\classes started by adaml in C:\Users\adaml\IdeaProjects\ticback)
2020/04/09-18:21 [restartedMain] INFO  com.projettic.projetticApplication- No active profile set, falling back to default profiles: default
2020/04/09-18:21 [restartedMain] INFO  org.springframework.boot.web.embedded.tomcat.TomcatWebServer- Tomcat initialized with port(s): 8080 (http)
2020/04/09-18:21 [restartedMain] INFO  org.apache.catalina.core.StandardService- Starting service [Tomcat]
2020/04/09-18:21 [restartedMain] INFO  org.apache.catalina.core.StandardEngine- Starting Servlet engine: [Apache Tomcat/9.0.31]
2020/04/09-18:21 [restartedMain] INFO  org.apache.jasper.servlet.TldScanner- At least one JAR was scanned for TLDs yet contained no TLDs. Enable debug logging for this logger for a complete list of JARs that were scanned but no TLDs were found in them. Skipping unneeded JARs during scanning can improve startup time and JSP compilation time.
2020/04/09-18:21 [restartedMain] INFO  org.apache.catalina.core.ContainerBase.[Tomcat-1].[localhost].[/]- Initializing Spring embedded WebApplicationContext
2020/04/09-18:21 [restartedMain] INFO  org.springframework.web.context.ContextLoader- Root WebApplicationContext: initialization completed in 697 ms
2020/04/09-18:21 [restartedMain] INFO  org.springframework.security.web.DefaultSecurityFilterChain- Creating filter chain: any request, [org.springframework.security.web.context.request.async.WebAsyncManagerIntegrationFilter@3a08d75f, org.springframework.security.web.context.SecurityContextPersistenceFilter@8526fd4, org.springframework.security.web.header.HeaderWriterFilter@fdf7d07, org.springframework.security.web.authentication.logout.LogoutFilter@12789e6d, com.projettic.security.CustomAuthenticationFilter@7e4c5bd8, org.springframework.security.web.authentication.UsernamePasswordAuthenticationFilter@6bbc8d96, org.springframework.security.web.savedrequest.RequestCacheAwareFilter@311c661f, org.springframework.security.web.servletapi.SecurityContextHolderAwareRequestFilter@45df127e, org.springframework.security.web.authentication.AnonymousAuthenticationFilter@5b7d3370, org.springframework.security.web.session.SessionManagementFilter@189bab0, org.springframework.security.web.access.ExceptionTranslationFilter@6d0a8fbe, org.springframework.security.web.access.intercept.FilterSecurityInterceptor@3d40d529]
2020/04/09-18:21 [restartedMain] INFO  org.springframework.scheduling.concurrent.ThreadPoolTaskExecutor- Initializing ExecutorService 'applicationTaskExecutor'
2020/04/09-18:21 [restartedMain] INFO  org.springframework.boot.devtools.autoconfigure.OptionalLiveReloadServer- LiveReload server is running on port 35729
2020/04/09-18:21 [restartedMain] INFO  org.springframework.boot.web.embedded.tomcat.TomcatWebServer- Tomcat started on port(s): 8080 (http) with context path ''
2020/04/09-18:21 [restartedMain] INFO  com.projettic.projetticApplication- Started projetticApplication in 1.069 seconds (JVM running for 561.451)
2020/04/09-18:21 [restartedMain] INFO  org.springframework.boot.devtools.autoconfigure.ConditionEvaluationDeltaLoggingListener- Condition evaluation delta:


==========================
CONDITION EVALUATION DELTA
==========================


Positive matches:
-----------------

    None


Negative matches:
-----------------

   SpringBootWebSecurityConfiguration:
      Did not match:
         - @ConditionalOnMissingBean (types: org.springframework.security.config.annotation.web.configuration.WebSecurityConfigurerAdapter; SearchStrategy: all) found beans of type 'org.springframework.security.config.annotation.web.configuration.WebSecurityConfigurerAdapter' webSecurityConfig (OnBeanCondition)
      Matched:
         - @ConditionalOnClass found required class 'org.springframework.security.config.annotation.web.configuration.WebSecurityConfigurerAdapter' (OnClassCondition)
         - found 'session' scope (OnWebApplicationCondition)

   UserDetailsServiceAutoConfiguration:
      Did not match:
         - @ConditionalOnMissingBean (types: org.springframework.security.authentication.AuthenticationManager,org.springframework.security.authentication.AuthenticationProvider,org.springframework.security.core.userdetails.UserDetailsService,org.springframework.security.oauth2.jwt.JwtDecoder,org.springframework.security.oauth2.server.resource.introspection.OpaqueTokenIntrospector; SearchStrategy: all) found beans of type 'org.springframework.security.core.userdetails.UserDetailsService' springDataUserDetailService (OnBeanCondition)
      Matched:
         - @ConditionalOnClass found required class 'org.springframework.security.authentication.AuthenticationManager' (OnClassCondition)

   WebSecurityEnablerConfiguration:
      Did not match:
         - @ConditionalOnMissingBean (names: springSecurityFilterChain; SearchStrategy: all) found beans named springSecurityFilterChain (OnBeanCondition)
      Matched:
         - found 'session' scope (OnWebApplicationCondition)


Exclusions:
-----------

    None


Unconditional classes:
----------------------

    None



2020/04/09-18:26 [Thread-27] INFO  org.springframework.scheduling.concurrent.ThreadPoolTaskExecutor- Shutting down ExecutorService 'applicationTaskExecutor'
2020/04/09-18:26 [restartedMain] INFO  com.projettic.projetticApplication- Starting projetticApplication on DESKTOP-F8KV3B1 with PID 27504 (C:\Users\adaml\IdeaProjects\ticback\target\classes started by adaml in C:\Users\adaml\IdeaProjects\ticback)
2020/04/09-18:26 [restartedMain] INFO  com.projettic.projetticApplication- No active profile set, falling back to default profiles: default
2020/04/09-18:26 [restartedMain] INFO  org.springframework.boot.web.embedded.tomcat.TomcatWebServer- Tomcat initialized with port(s): 8080 (http)
2020/04/09-18:26 [restartedMain] INFO  org.apache.catalina.core.StandardService- Starting service [Tomcat]
2020/04/09-18:26 [restartedMain] INFO  org.apache.catalina.core.StandardEngine- Starting Servlet engine: [Apache Tomcat/9.0.31]
2020/04/09-18:26 [restartedMain] INFO  org.apache.jasper.servlet.TldScanner- At least one JAR was scanned for TLDs yet contained no TLDs. Enable debug logging for this logger for a complete list of JARs that were scanned but no TLDs were found in them. Skipping unneeded JARs during scanning can improve startup time and JSP compilation time.
2020/04/09-18:26 [restartedMain] INFO  org.apache.catalina.core.ContainerBase.[Tomcat-1].[localhost].[/]- Initializing Spring embedded WebApplicationContext
2020/04/09-18:26 [restartedMain] INFO  org.springframework.web.context.ContextLoader- Root WebApplicationContext: initialization completed in 920 ms
2020/04/09-18:26 [restartedMain] INFO  org.springframework.security.web.DefaultSecurityFilterChain- Creating filter chain: any request, [org.springframework.security.web.context.request.async.WebAsyncManagerIntegrationFilter@3bd90dfd, org.springframework.security.web.context.SecurityContextPersistenceFilter@3f1b09fd, org.springframework.security.web.header.HeaderWriterFilter@2330ce3c, org.springframework.security.web.authentication.logout.LogoutFilter@6f794f61, com.projettic.security.CustomAuthenticationFilter@fba9d29, org.springframework.security.web.authentication.UsernamePasswordAuthenticationFilter@6b805a95, org.springframework.security.web.savedrequest.RequestCacheAwareFilter@19d884ec, org.springframework.security.web.servletapi.SecurityContextHolderAwareRequestFilter@3c3cf8c5, org.springframework.security.web.authentication.AnonymousAuthenticationFilter@603d21ce, org.springframework.security.web.session.SessionManagementFilter@1a75d6e0, org.springframework.security.web.access.ExceptionTranslationFilter@6e59178d, org.springframework.security.web.access.intercept.FilterSecurityInterceptor@4ae65db0]
2020/04/09-18:26 [restartedMain] INFO  org.springframework.scheduling.concurrent.ThreadPoolTaskExecutor- Initializing ExecutorService 'applicationTaskExecutor'
2020/04/09-18:26 [restartedMain] INFO  org.springframework.boot.devtools.autoconfigure.OptionalLiveReloadServer- LiveReload server is running on port 35729
2020/04/09-18:26 [restartedMain] INFO  org.springframework.boot.web.embedded.tomcat.TomcatWebServer- Tomcat started on port(s): 8080 (http) with context path ''
2020/04/09-18:26 [restartedMain] INFO  com.projettic.projetticApplication- Started projetticApplication in 1.482 seconds (JVM running for 816.828)
2020/04/09-18:26 [restartedMain] INFO  org.springframework.boot.devtools.autoconfigure.ConditionEvaluationDeltaLoggingListener- Condition evaluation unchanged
2020/04/09-18:26 [restartedMain] INFO  com.projettic.projetticApplication- Starting projetticApplication on DESKTOP-F8KV3B1 with PID 28984 (C:\Users\adaml\IdeaProjects\ticback\target\classes started by adaml in C:\Users\adaml\IdeaProjects\ticback)
2020/04/09-18:26 [restartedMain] INFO  com.projettic.projetticApplication- No active profile set, falling back to default profiles: default
2020/04/09-18:26 [restartedMain] INFO  org.springframework.boot.devtools.env.DevToolsPropertyDefaultsPostProcessor- Devtools property defaults active! Set 'spring.devtools.add-properties' to 'false' to disable
2020/04/09-18:26 [restartedMain] INFO  org.springframework.boot.devtools.env.DevToolsPropertyDefaultsPostProcessor- For additional web related logging consider setting the 'logging.level.web' property to 'DEBUG'
